<?xml version="1.0" encoding="UTF-8"?>
<!-- Generated by org.testng.reporters.JUnitReportReporter -->
<testsuite hostname="LAPTOP-70GCA9GP" failures="0" tests="1" name="com.sdet.testcases.AddCustomer" time="0.330" errors="0" timestamp="2024-07-05T02:21:32 IST" skipped="0">
  <testcase classname="com.sdet.testcases.AddCustomer" name="Add_Customer" time="0.330"/>
</testsuite> <!-- com.sdet.testcases.AddCustomer -->
