<?xml version="1.0" encoding="UTF-8"?>
<!-- Generated by org.testng.reporters.JUnitReportReporter -->
<testsuite hostname="LAPTOP-70GCA9GP" failures="0" tests="1" name="com.sdet.testcases.LoginAsBankManagerTest" time="0.149" errors="0" timestamp="2024-07-08T22:32:42 IST" skipped="0">
  <testcase classname="com.sdet.testcases.LoginAsBankManagerTest" name="LoginAsBankManager" time="0.149"/>
</testsuite> <!-- com.sdet.testcases.LoginAsBankManagerTest -->
