<?xml version="1.0" encoding="UTF-8"?>
<!-- Generated by org.testng.reporters.JUnitReportReporter -->
<testsuite hostname="LAPTOP-70GCA9GP" failures="0" tests="3" name="com.sdet.testcases.AddCustomerTest" time="10.146" errors="0" timestamp="2024-07-08T22:42:50 IST" skipped="0">
  <testcase classname="com.sdet.testcases.AddCustomerTest" name="Add_Customer" time="3.399"/>
  <testcase classname="com.sdet.testcases.AddCustomerTest" name="Add_Customer" time="3.390"/>
  <testcase classname="com.sdet.testcases.AddCustomerTest" name="Add_Customer" time="3.357"/>
</testsuite> <!-- com.sdet.testcases.AddCustomerTest -->
